app/build/intermediates/manifest_merge_blame_file/debug/manifest-merger-blame-debug-report.txt
1<?xml version="1.0" encoding="utf-8"?>
2<manifest xmlns:android="http://schemas.android.com/apk/res/android"
3    package="com.lya.composego"
4    android:versionCode="1"
5    android:versionName="1.0" >
6
7    <uses-sdk
8        android:minSdkVersion="21"
8-->src/main/AndroidManifest.xml
9        android:targetSdkVersion="31" />
9-->src/main/AndroidManifest.xml
10
11    <uses-permission android:name="android.permission.INTERNET" />
11-->src/main/AndroidManifest.xml:5:5-67
11-->src/main/AndroidManifest.xml:5:22-64
12
13    <application
13-->src/main/AndroidManifest.xml:7:5-30:19
14        android:allowBackup="true"
14-->src/main/AndroidManifest.xml:8:9-35
15        android:appComponentFactory="androidx.core.app.CoreComponentFactory"
15-->[androidx.core:core:1.6.0] AndroidManifest.xml:24:18-86
16        android:debuggable="true"
17        android:icon="@mipmap/ic_launcher"
17-->src/main/AndroidManifest.xml:9:9-43
18        android:label="@string/app_name"
18-->src/main/AndroidManifest.xml:10:9-41
19        android:roundIcon="@mipmap/ic_launcher_round"
19-->src/main/AndroidManifest.xml:11:9-54
20        android:supportsRtl="true"
20-->src/main/AndroidManifest.xml:12:9-35
21        android:testOnly="true"
22        android:theme="@style/Theme.ComposeGo" >
22-->src/main/AndroidManifest.xml:13:9-47
23        <activity
23-->src/main/AndroidManifest.xml:15:9-17:39
24            android:name="com.lya.composego.LayoutsActivity"
24-->src/main/AndroidManifest.xml:16:13-44
25            android:exported="true" />
25-->src/main/AndroidManifest.xml:17:13-36
26        <activity
26-->src/main/AndroidManifest.xml:19:9-29:20
27            android:name="com.lya.composego.MainActivity"
27-->src/main/AndroidManifest.xml:20:13-41
28            android:exported="true"
28-->src/main/AndroidManifest.xml:21:13-36
29            android:label="@string/app_name"
29-->src/main/AndroidManifest.xml:22:13-45
30            android:theme="@style/Theme.ComposeGo.NoActionBar" >
30-->src/main/AndroidManifest.xml:23:13-63
31            <intent-filter>
31-->src/main/AndroidManifest.xml:24:13-28:29
32                <action android:name="android.intent.action.MAIN" />
32-->src/main/AndroidManifest.xml:25:17-69
32-->src/main/AndroidManifest.xml:25:25-66
33
34                <category android:name="android.intent.category.LAUNCHER" />
34-->src/main/AndroidManifest.xml:27:17-77
34-->src/main/AndroidManifest.xml:27:27-74
35            </intent-filter>
36        </activity>
37        <activity
37-->[androidx.compose.ui:ui-tooling:1.0.1] AndroidManifest.xml:25:9-27:39
38            android:name="androidx.compose.ui.tooling.PreviewActivity"
38-->[androidx.compose.ui:ui-tooling:1.0.1] AndroidManifest.xml:26:13-71
39            android:exported="true" />
39-->[androidx.compose.ui:ui-tooling:1.0.1] AndroidManifest.xml:27:13-36
40
41        <provider
41-->[androidx.profileinstaller:profileinstaller:1.0.4] AndroidManifest.xml:26:9-34:20
42            android:name="androidx.startup.InitializationProvider"
42-->[androidx.profileinstaller:profileinstaller:1.0.4] AndroidManifest.xml:27:13-67
43            android:authorities="com.lya.composego.androidx-startup"
43-->[androidx.profileinstaller:profileinstaller:1.0.4] AndroidManifest.xml:28:13-68
44            android:exported="false" >
44-->[androidx.profileinstaller:profileinstaller:1.0.4] AndroidManifest.xml:29:13-37
45            <meta-data
45-->[androidx.profileinstaller:profileinstaller:1.0.4] AndroidManifest.xml:31:13-33:52
46                android:name="androidx.profileinstaller.ProfileInstallerInitializer"
46-->[androidx.profileinstaller:profileinstaller:1.0.4] AndroidManifest.xml:32:17-85
47                android:value="androidx.startup" />
47-->[androidx.profileinstaller:profileinstaller:1.0.4] AndroidManifest.xml:33:17-49
48        </provider>
49
50        <receiver
50-->[androidx.profileinstaller:profileinstaller:1.0.4] AndroidManifest.xml:36:9-45:20
51            android:name="androidx.profileinstaller.ProfileInstallReceiver"
51-->[androidx.profileinstaller:profileinstaller:1.0.4] AndroidManifest.xml:37:13-76
52            android:directBootAware="false"
52-->[androidx.profileinstaller:profileinstaller:1.0.4] AndroidManifest.xml:38:13-44
53            android:enabled="true"
53-->[androidx.profileinstaller:profileinstaller:1.0.4] AndroidManifest.xml:39:13-35
54            android:exported="true"
54-->[androidx.profileinstaller:profileinstaller:1.0.4] AndroidManifest.xml:40:13-36
55            android:permission="android.permission.DUMP" >
55-->[androidx.profileinstaller:profileinstaller:1.0.4] AndroidManifest.xml:41:13-57
56            <intent-filter>
56-->[androidx.profileinstaller:profileinstaller:1.0.4] AndroidManifest.xml:42:13-44:29
57                <action android:name="androidx.profileinstaller.action.INSTALL_PROFILE" />
57-->[androidx.profileinstaller:profileinstaller:1.0.4] AndroidManifest.xml:43:17-91
57-->[androidx.profileinstaller:profileinstaller:1.0.4] AndroidManifest.xml:43:25-88
58            </intent-filter>
59        </receiver>
60    </application>
61
62</manifest>